# JRE version: OpenJDK Runtime Environment (17.0.1+12) (build 17.0.1+12-39)
# Java VM: OpenJDK 64-Bit Server VM (17.0.1+12-39, mixed mode, sharing, tiered, compressed oops, compressed class ptrs, g1 gc, bsd-amd64)
GC Precious Log:
 CPUs: 8 total, 8 available
 Memory: 8192M
 Large Page Support: Disabled
 NUMA Support: Disabled
 Compressed Oops: Enabled (Zero based)
 Heap Region Size: 1M
 Heap Min Capacity: 512M
 Heap Initial Capacity: 512M
 Heap Max Capacity: 512M
 Pre-touch: Enabled
 Parallel Workers: 8
 Concurrent Workers: 2
 Concurrent Refinement Workers: 8
 Periodic GC: Disabled
Heap:
 garbage-first heap   total 524288K, used 436931K [0x00000007e0000000, 0x0000000800000000)
  region size 1024K, 0 young (0K), 0 survivors (0K)
 Metaspace       used 57152K, committed 57984K, reserved 1105920K
  class space    used 7136K, committed 7488K, reserved 1048576K
GC Heap History (20 events):
Event: 279,377 GC heap before
{Heap before GC invocations=38 (full 2):
 garbage-first heap   total 524288K, used 400066K [0x00000007e0000000, 0x0000000800000000)
  region size 1024K, 1 young (1024K), 0 survivors (0K)
 Metaspace       used 57152K, committed 57984K, reserved 1105920K
  class space    used 7136K, committed 7488K, reserved 1048576K
}
Event: 279,378 GC heap after
{Heap after GC invocations=39 (full 2):
 garbage-first heap   total 524288K, used 400068K [0x00000007e0000000, 0x0000000800000000)
  region size 1024K, 1 young (1024K), 1 survivors (1024K)
 Metaspace       used 57152K, committed 57984K, reserved 1105920K
  class space    used 7136K, committed 7488K, reserved 1048576K
}
Event: 279,379 GC heap before
{Heap before GC invocations=39 (full 2):
 garbage-first heap   total 524288K, used 400068K [0x00000007e0000000, 0x0000000800000000)
  region size 1024K, 1 young (1024K), 1 survivors (1024K)
 Metaspace       used 57152K, committed 57984K, reserved 1105920K
  class space    used 7136K, committed 7488K, reserved 1048576K
}
Event: 279,379 GC heap after
{Heap after GC invocations=40 (full 2):
 garbage-first heap   total 524288K, used 400068K [0x00000007e0000000, 0x0000000800000000)
  region size 1024K, 1 young (1024K), 1 survivors (1024K)
 Metaspace       used 57152K, committed 57984K, reserved 1105920K
  class space    used 7136K, committed 7488K, reserved 1048576K
}
Event: 279,379 GC heap before
{Heap before GC invocations=40 (full 2):
 garbage-first heap   total 524288K, used 400068K [0x00000007e0000000, 0x0000000800000000)
  region size 1024K, 1 young (1024K), 1 survivors (1024K)
 Metaspace       used 57152K, committed 57984K, reserved 1105920K
  class space    used 7136K, committed 7488K, reserved 1048576K
}
Event: 279,399 GC heap after
{Heap after GC invocations=41 (full 3):
 garbage-first heap   total 524288K, used 380610K [0x00000007e0000000, 0x0000000800000000)
  region size 1024K, 0 young (0K), 0 survivors (0K)
 Metaspace       used 57152K, committed 57984K, reserved 1105920K
  class space    used 7136K, committed 7488K, reserved 1048576K
}
Event: 279,479 GC heap before
{Heap before GC invocations=41 (full 3):
 garbage-first heap   total 524288K, used 421570K [0x00000007e0000000, 0x0000000800000000)
  region size 1024K, 1 young (1024K), 0 survivors (0K)
 Metaspace       used 57152K, committed 57984K, reserved 1105920K
  class space    used 7136K, committed 7488K, reserved 1048576K
}
Event: 279,480 GC heap after
{Heap after GC invocations=42 (full 3):
 garbage-first heap   total 524288K, used 421574K [0x00000007e0000000, 0x0000000800000000)
  region size 1024K, 1 young (1024K), 1 survivors (1024K)
 Metaspace       used 57152K, committed 57984K, reserved 1105920K
  class space    used 7136K, committed 7488K, reserved 1048576K
}
Event: 279,480 GC heap before
{Heap before GC invocations=42 (full 3):
 garbage-first heap   total 524288K, used 440006K [0x00000007e0000000, 0x0000000800000000)
  region size 1024K, 1 young (1024K), 1 survivors (1024K)
 Metaspace       used 57152K, committed 57984K, reserved 1105920K
  class space    used 7136K, committed 7488K, reserved 1048576K
}
Event: 279,481 GC heap after
{Heap after GC invocations=43 (full 3):
 garbage-first heap   total 524288K, used 421574K [0x00000007e0000000, 0x0000000800000000)
  region size 1024K, 1 young (1024K), 1 survivors (1024K)
 Metaspace       used 57152K, committed 57984K, reserved 1105920K
  class space    used 7136K, committed 7488K, reserved 1048576K
}
Event: 279,481 GC heap before
{Heap before GC invocations=43 (full 3):
 garbage-first heap   total 524288K, used 421574K [0x00000007e0000000, 0x0000000800000000)
  region size 1024K, 1 young (1024K), 1 survivors (1024K)
 Metaspace       used 57152K, committed 57984K, reserved 1105920K
  class space    used 7136K, committed 7488K, reserved 1048576K
}
Event: 279,501 GC heap after
{Heap after GC invocations=44 (full 4):
 garbage-first heap   total 524288K, used 401090K [0x00000007e0000000, 0x0000000800000000)
  region size 1024K, 0 young (0K), 0 survivors (0K)
 Metaspace       used 57152K, committed 57984K, reserved 1105920K
  class space    used 7136K, committed 7488K, reserved 1048576K
}
Event: 279,506 GC heap before
{Heap before GC invocations=44 (full 4):
 garbage-first heap   total 524288K, used 436930K [0x00000007e0000000, 0x0000000800000000)
  region size 1024K, 1 young (1024K), 0 survivors (0K)
 Metaspace       used 57152K, committed 57984K, reserved 1105920K
  class space    used 7136K, committed 7488K, reserved 1048576K
}
Event: 279,507 GC heap after
{Heap after GC invocations=45 (full 4):
 garbage-first heap   total 524288K, used 436936K [0x00000007e0000000, 0x0000000800000000)
  region size 1024K, 1 young (1024K), 1 survivors (1024K)
 Metaspace       used 57152K, committed 57984K, reserved 1105920K
  class space    used 7136K, committed 7488K, reserved 1048576K
}
Event: 279,507 GC heap before
{Heap before GC invocations=45 (full 4):
 garbage-first heap   total 524288K, used 436936K [0x00000007e0000000, 0x0000000800000000)
  region size 1024K, 1 young (1024K), 1 survivors (1024K)
 Metaspace       used 57152K, committed 57984K, reserved 1105920K
  class space    used 7136K, committed 7488K, reserved 1048576K
}
Event: 279,507 GC heap after
{Heap after GC invocations=46 (full 4):
 garbage-first heap   total 524288K, used 436938K [0x00000007e0000000, 0x0000000800000000)
  region size 1024K, 1 young (1024K), 1 survivors (1024K)
 Metaspace       used 57152K, committed 57984K, reserved 1105920K
  class space    used 7136K, committed 7488K, reserved 1048576K
}
Event: 279,508 GC heap before
{Heap before GC invocations=46 (full 4):
 garbage-first heap   total 524288K, used 436938K [0x00000007e0000000, 0x0000000800000000)
  region size 1024K, 1 young (1024K), 1 survivors (1024K)
 Metaspace       used 57152K, committed 57984K, reserved 1105920K
  class space    used 7136K, committed 7488K, reserved 1048576K
}
Event: 279,526 GC heap after
{Heap after GC invocations=47 (full 5):
 garbage-first heap   total 524288K, used 436931K [0x00000007e0000000, 0x0000000800000000)
  region size 1024K, 0 young (0K), 0 survivors (0K)
 Metaspace       used 57152K, committed 57984K, reserved 1105920K
  class space    used 7136K, committed 7488K, reserved 1048576K
}
Event: 279,526 GC heap before
{Heap before GC invocations=47 (full 5):
 garbage-first heap   total 524288K, used 436931K [0x00000007e0000000, 0x0000000800000000)
  region size 1024K, 0 young (0K), 0 survivors (0K)
 Metaspace       used 57152K, committed 57984K, reserved 1105920K
  class space    used 7136K, committed 7488K, reserved 1048576K
}
Event: 279,550 GC heap after
{Heap after GC invocations=48 (full 6):
 garbage-first heap   total 524288K, used 436931K [0x00000007e0000000, 0x0000000800000000)
  region size 1024K, 0 young (0K), 0 survivors (0K)
 Metaspace       used 57152K, committed 57984K, reserved 1105920K
  class space    used 7136K, committed 7488K, reserved 1048576K
}

