# JRE version: OpenJDK Runtime Environment (17.0.1+12) (build 17.0.1+12-39)
# Java VM: OpenJDK 64-Bit Server VM (17.0.1+12-39, mixed mode, sharing, tiered, compressed oops, compressed class ptrs, g1 gc, bsd-amd64)
GC Precious Log:
 CPUs: 8 total, 8 available
 Memory: 8192M
 Large Page Support: Disabled
 NUMA Support: Disabled
 Compressed Oops: Enabled (Zero based)
 Heap Region Size: 1M
 Heap Min Capacity: 512M
 Heap Initial Capacity: 512M
 Heap Max Capacity: 512M
 Pre-touch: Enabled
 Parallel Workers: 8
 Concurrent Workers: 2
 Concurrent Refinement Workers: 8
 Periodic GC: Disabled
Heap:
 garbage-first heap   total 524288K, used 376823K [0x00000007e0000000, 0x0000000800000000)
  region size 1024K, 1 young (1024K), 0 survivors (0K)
 Metaspace       used 61118K, committed 61952K, reserved 1105920K
  class space    used 7257K, committed 7552K, reserved 1048576K
GC Heap History (20 events):
Event: 9138,159 GC heap before
{Heap before GC invocations=67 (full 0):
 garbage-first heap   total 524288K, used 237990K [0x00000007e0000000, 0x0000000800000000)
  region size 1024K, 8 young (8192K), 6 survivors (6144K)
 Metaspace       used 61118K, committed 61952K, reserved 1105920K
  class space    used 7257K, committed 7552K, reserved 1048576K
}
Event: 9138,161 GC heap after
{Heap after GC invocations=68 (full 0):
 garbage-first heap   total 524288K, used 236151K [0x00000007e0000000, 0x0000000800000000)
  region size 1024K, 6 young (6144K), 6 survivors (6144K)
 Metaspace       used 61118K, committed 61952K, reserved 1105920K
  class space    used 7257K, committed 7552K, reserved 1048576K
}
Event: 9138,164 GC heap before
{Heap before GC invocations=68 (full 0):
 garbage-first heap   total 524288K, used 242295K [0x00000007e0000000, 0x0000000800000000)
  region size 1024K, 8 young (8192K), 6 survivors (6144K)
 Metaspace       used 61118K, committed 61952K, reserved 1105920K
  class space    used 7257K, committed 7552K, reserved 1048576K
}
Event: 9138,165 GC heap after
{Heap after GC invocations=69 (full 0):
 garbage-first heap   total 524288K, used 238438K [0x00000007e0000000, 0x0000000800000000)
  region size 1024K, 6 young (6144K), 6 survivors (6144K)
 Metaspace       used 61118K, committed 61952K, reserved 1105920K
  class space    used 7257K, committed 7552K, reserved 1048576K
}
Event: 9138,166 GC heap before
{Heap before GC invocations=69 (full 0):
 garbage-first heap   total 524288K, used 240486K [0x00000007e0000000, 0x0000000800000000)
  region size 1024K, 7 young (7168K), 6 survivors (6144K)
 Metaspace       used 61118K, committed 61952K, reserved 1105920K
  class space    used 7257K, committed 7552K, reserved 1048576K
}
Event: 9138,168 GC heap after
{Heap after GC invocations=70 (full 0):
 garbage-first heap   total 524288K, used 238208K [0x00000007e0000000, 0x0000000800000000)
  region size 1024K, 6 young (6144K), 6 survivors (6144K)
 Metaspace       used 61118K, committed 61952K, reserved 1105920K
  class space    used 7257K, committed 7552K, reserved 1048576K
}
Event: 9138,170 GC heap before
{Heap before GC invocations=70 (full 0):
 garbage-first heap   total 524288K, used 243328K [0x00000007e0000000, 0x0000000800000000)
  region size 1024K, 8 young (8192K), 6 survivors (6144K)
 Metaspace       used 61118K, committed 61952K, reserved 1105920K
  class space    used 7257K, committed 7552K, reserved 1048576K
}
Event: 9138,171 GC heap after
{Heap after GC invocations=71 (full 0):
 garbage-first heap   total 524288K, used 242535K [0x00000007e0000000, 0x0000000800000000)
  region size 1024K, 6 young (6144K), 6 survivors (6144K)
 Metaspace       used 61118K, committed 61952K, reserved 1105920K
  class space    used 7257K, committed 7552K, reserved 1048576K
}
Event: 9138,253 GC heap before
{Heap before GC invocations=72 (full 0):
 garbage-first heap   total 524288K, used 508775K [0x00000007e0000000, 0x0000000800000000)
  region size 1024K, 18 young (18432K), 6 survivors (6144K)
 Metaspace       used 61118K, committed 61952K, reserved 1105920K
  class space    used 7257K, committed 7552K, reserved 1048576K
}
Event: 9138,256 GC heap after
{Heap after GC invocations=73 (full 0):
 garbage-first heap   total 524288K, used 323840K [0x00000007e0000000, 0x0000000800000000)
  region size 1024K, 6 young (6144K), 6 survivors (6144K)
 Metaspace       used 61118K, committed 61952K, reserved 1105920K
  class space    used 7257K, committed 7552K, reserved 1048576K
}
Event: 9138,289 GC heap before
{Heap before GC invocations=73 (full 0):
 garbage-first heap   total 524288K, used 475392K [0x00000007e0000000, 0x0000000800000000)
  region size 1024K, 12 young (12288K), 6 survivors (6144K)
 Metaspace       used 61118K, committed 61952K, reserved 1105920K
  class space    used 7257K, committed 7552K, reserved 1048576K
}
Event: 9138,293 GC heap after
{Heap after GC invocations=74 (full 0):
 garbage-first heap   total 524288K, used 383821K [0x00000007e0000000, 0x0000000800000000)
  region size 1024K, 4 young (4096K), 4 survivors (4096K)
 Metaspace       used 61118K, committed 61952K, reserved 1105920K
  class space    used 7257K, committed 7552K, reserved 1048576K
}
Event: 9138,297 GC heap before
{Heap before GC invocations=74 (full 0):
 garbage-first heap   total 524288K, used 398157K [0x00000007e0000000, 0x0000000800000000)
  region size 1024K, 5 young (5120K), 4 survivors (4096K)
 Metaspace       used 61118K, committed 61952K, reserved 1105920K
  class space    used 7257K, committed 7552K, reserved 1048576K
}
Event: 9138,299 GC heap after
{Heap after GC invocations=75 (full 0):
 garbage-first heap   total 524288K, used 398355K [0x00000007e0000000, 0x0000000800000000)
  region size 1024K, 5 young (5120K), 5 survivors (5120K)
 Metaspace       used 61118K, committed 61952K, reserved 1105920K
  class space    used 7257K, committed 7552K, reserved 1048576K
}
Event: 9138,309 GC heap before
{Heap before GC invocations=75 (full 0):
 garbage-first heap   total 524288K, used 406547K [0x00000007e0000000, 0x0000000800000000)
  region size 1024K, 9 young (9216K), 5 survivors (5120K)
 Metaspace       used 61118K, committed 61952K, reserved 1105920K
  class space    used 7257K, committed 7552K, reserved 1048576K
}
Event: 9138,311 GC heap after
{Heap after GC invocations=76 (full 0):
 garbage-first heap   total 524288K, used 403488K [0x00000007e0000000, 0x0000000800000000)
  region size 1024K, 6 young (6144K), 6 survivors (6144K)
 Metaspace       used 61118K, committed 61952K, reserved 1105920K
  class space    used 7257K, committed 7552K, reserved 1048576K
}
Event: 9138,312 GC heap before
{Heap before GC invocations=76 (full 0):
 garbage-first heap   total 524288K, used 403488K [0x00000007e0000000, 0x0000000800000000)
  region size 1024K, 6 young (6144K), 6 survivors (6144K)
 Metaspace       used 61118K, committed 61952K, reserved 1105920K
  class space    used 7257K, committed 7552K, reserved 1048576K
}
Event: 9138,387 GC heap after
{Heap after GC invocations=77 (full 1):
 garbage-first heap   total 524288K, used 375442K [0x00000007e0000000, 0x0000000800000000)
  region size 1024K, 0 young (0K), 0 survivors (0K)
 Metaspace       used 61118K, committed 61952K, reserved 1105920K
  class space    used 7257K, committed 7552K, reserved 1048576K
}
Event: 9138,387 GC heap before
{Heap before GC invocations=77 (full 1):
 garbage-first heap   total 524288K, used 375442K [0x00000007e0000000, 0x0000000800000000)
  region size 1024K, 0 young (0K), 0 survivors (0K)
 Metaspace       used 61118K, committed 61952K, reserved 1105920K
  class space    used 7257K, committed 7552K, reserved 1048576K
}
Event: 9138,424 GC heap after
{Heap after GC invocations=78 (full 2):
 garbage-first heap   total 524288K, used 374775K [0x00000007e0000000, 0x0000000800000000)
  region size 1024K, 0 young (0K), 0 survivors (0K)
 Metaspace       used 61118K, committed 61952K, reserved 1105920K
  class space    used 7257K, committed 7552K, reserved 1048576K
}

