# JRE version: OpenJDK Runtime Environment (17.0.1+12) (build 17.0.1+12-39)
# Java VM: OpenJDK 64-Bit Server VM (17.0.1+12-39, mixed mode, sharing, tiered, compressed oops, compressed class ptrs, g1 gc, bsd-amd64)
GC Precious Log:
 CPUs: 8 total, 8 available
 Memory: 8192M
 Large Page Support: Disabled
 NUMA Support: Disabled
 Compressed Oops: Enabled (Zero based)
 Heap Region Size: 1M
 Heap Min Capacity: 512M
 Heap Initial Capacity: 512M
 Heap Max Capacity: 512M
 Pre-touch: Enabled
 Parallel Workers: 8
 Concurrent Workers: 2
 Concurrent Refinement Workers: 8
 Periodic GC: Disabled
Heap:
 garbage-first heap   total 524288K, used 426039K [0x00000007e0000000, 0x0000000800000000)
  region size 1024K, 1 young (1024K), 0 survivors (0K)
 Metaspace       used 57794K, committed 58560K, reserved 1105920K
  class space    used 7006K, committed 7296K, reserved 1048576K
GC Heap History (20 events):
Event: 47,774 GC heap before
{Heap before GC invocations=20 (full 0):
 garbage-first heap   total 524288K, used 365134K [0x00000007e0000000, 0x0000000800000000)
  region size 1024K, 4 young (4096K), 3 survivors (3072K)
 Metaspace       used 57997K, committed 58560K, reserved 1105920K
  class space    used 7053K, committed 7296K, reserved 1048576K
}
Event: 47,775 GC heap after
{Heap after GC invocations=21 (full 0):
 garbage-first heap   total 524288K, used 365183K [0x00000007e0000000, 0x0000000800000000)
  region size 1024K, 3 young (3072K), 3 survivors (3072K)
 Metaspace       used 57997K, committed 58560K, reserved 1105920K
  class space    used 7053K, committed 7296K, reserved 1048576K
}
Event: 47,775 GC heap before
{Heap before GC invocations=21 (full 0):
 garbage-first heap   total 524288K, used 365183K [0x00000007e0000000, 0x0000000800000000)
  region size 1024K, 3 young (3072K), 3 survivors (3072K)
 Metaspace       used 57997K, committed 58560K, reserved 1105920K
  class space    used 7053K, committed 7296K, reserved 1048576K
}
Event: 47,812 GC heap after
{Heap after GC invocations=22 (full 1):
 garbage-first heap   total 524288K, used 363558K [0x00000007e0000000, 0x0000000800000000)
  region size 1024K, 0 young (0K), 0 survivors (0K)
 Metaspace       used 57997K, committed 58560K, reserved 1105920K
  class space    used 7053K, committed 7296K, reserved 1048576K
}
Event: 47,812 GC heap before
{Heap before GC invocations=22 (full 1):
 garbage-first heap   total 524288K, used 363558K [0x00000007e0000000, 0x0000000800000000)
  region size 1024K, 0 young (0K), 0 survivors (0K)
 Metaspace       used 57997K, committed 58560K, reserved 1105920K
  class space    used 7053K, committed 7296K, reserved 1048576K
}
Event: 47,850 GC heap after
{Heap after GC invocations=23 (full 2):
 garbage-first heap   total 524288K, used 361522K [0x00000007e0000000, 0x0000000800000000)
  region size 1024K, 0 young (0K), 0 survivors (0K)
 Metaspace       used 57793K, committed 58560K, reserved 1105920K
  class space    used 7006K, committed 7296K, reserved 1048576K
}
Event: 47,873 GC heap before
{Heap before GC invocations=23 (full 2):
 garbage-first heap   total 524288K, used 395314K [0x00000007e0000000, 0x0000000800000000)
  region size 1024K, 1 young (1024K), 0 survivors (0K)
 Metaspace       used 57793K, committed 58560K, reserved 1105920K
  class space    used 7006K, committed 7296K, reserved 1048576K
}
Event: 47,875 GC heap after
{Heap after GC invocations=24 (full 2):
 garbage-first heap   total 524288K, used 395532K [0x00000007e0000000, 0x0000000800000000)
  region size 1024K, 1 young (1024K), 1 survivors (1024K)
 Metaspace       used 57793K, committed 58560K, reserved 1105920K
  class space    used 7006K, committed 7296K, reserved 1048576K
}
Event: 47,877 GC heap before
{Heap before GC invocations=24 (full 2):
 garbage-first heap   total 524288K, used 414988K [0x00000007e0000000, 0x0000000800000000)
  region size 1024K, 1 young (1024K), 1 survivors (1024K)
 Metaspace       used 57793K, committed 58560K, reserved 1105920K
  class space    used 7006K, committed 7296K, reserved 1048576K
}
Event: 47,878 GC heap after
{Heap after GC invocations=25 (full 2):
 garbage-first heap   total 524288K, used 414854K [0x00000007e0000000, 0x0000000800000000)
  region size 1024K, 1 young (1024K), 1 survivors (1024K)
 Metaspace       used 57793K, committed 58560K, reserved 1105920K
  class space    used 7006K, committed 7296K, reserved 1048576K
}
Event: 47,878 GC heap before
{Heap before GC invocations=25 (full 2):
 garbage-first heap   total 524288K, used 414854K [0x00000007e0000000, 0x0000000800000000)
  region size 1024K, 1 young (1024K), 1 survivors (1024K)
 Metaspace       used 57793K, committed 58560K, reserved 1105920K
  class space    used 7006K, committed 7296K, reserved 1048576K
}
Event: 47,903 GC heap after
{Heap after GC invocations=26 (full 3):
 garbage-first heap   total 524288K, used 387135K [0x00000007e0000000, 0x0000000800000000)
  region size 1024K, 0 young (0K), 0 survivors (0K)
 Metaspace       used 57793K, committed 58560K, reserved 1105920K
  class space    used 7006K, committed 7296K, reserved 1048576K
}
Event: 47,918 GC heap before
{Heap before GC invocations=26 (full 3):
 garbage-first heap   total 524288K, used 420927K [0x00000007e0000000, 0x0000000800000000)
  region size 1024K, 1 young (1024K), 0 survivors (0K)
 Metaspace       used 57794K, committed 58560K, reserved 1105920K
  class space    used 7006K, committed 7296K, reserved 1048576K
}
Event: 47,920 GC heap after
{Heap after GC invocations=27 (full 3):
 garbage-first heap   total 524288K, used 420955K [0x00000007e0000000, 0x0000000800000000)
  region size 1024K, 1 young (1024K), 1 survivors (1024K)
 Metaspace       used 57794K, committed 58560K, reserved 1105920K
  class space    used 7006K, committed 7296K, reserved 1048576K
}
Event: 47,958 GC heap before
{Heap before GC invocations=28 (full 3):
 garbage-first heap   total 524288K, used 467035K [0x00000007e0000000, 0x0000000800000000)
  region size 1024K, 3 young (3072K), 1 survivors (1024K)
 Metaspace       used 57794K, committed 58560K, reserved 1105920K
  class space    used 7006K, committed 7296K, reserved 1048576K
}
Event: 47,959 GC heap after
{Heap after GC invocations=29 (full 3):
 garbage-first heap   total 524288K, used 436315K [0x00000007e0000000, 0x0000000800000000)
  region size 1024K, 1 young (1024K), 1 survivors (1024K)
 Metaspace       used 57794K, committed 58560K, reserved 1105920K
  class space    used 7006K, committed 7296K, reserved 1048576K
}
Event: 47,959 GC heap before
{Heap before GC invocations=29 (full 3):
 garbage-first heap   total 524288K, used 436315K [0x00000007e0000000, 0x0000000800000000)
  region size 1024K, 1 young (1024K), 1 survivors (1024K)
 Metaspace       used 57794K, committed 58560K, reserved 1105920K
  class space    used 7006K, committed 7296K, reserved 1048576K
}
Event: 47,982 GC heap after
{Heap after GC invocations=30 (full 4):
 garbage-first heap   total 524288K, used 426043K [0x00000007e0000000, 0x0000000800000000)
  region size 1024K, 0 young (0K), 0 survivors (0K)
 Metaspace       used 57794K, committed 58560K, reserved 1105920K
  class space    used 7006K, committed 7296K, reserved 1048576K
}
Event: 47,982 GC heap before
{Heap before GC invocations=30 (full 4):
 garbage-first heap   total 524288K, used 426043K [0x00000007e0000000, 0x0000000800000000)
  region size 1024K, 0 young (0K), 0 survivors (0K)
 Metaspace       used 57794K, committed 58560K, reserved 1105920K
  class space    used 7006K, committed 7296K, reserved 1048576K
}
Event: 48,010 GC heap after
{Heap after GC invocations=31 (full 5):
 garbage-first heap   total 524288K, used 426039K [0x00000007e0000000, 0x0000000800000000)
  region size 1024K, 0 young (0K), 0 survivors (0K)
 Metaspace       used 57794K, committed 58560K, reserved 1105920K
  class space    used 7006K, committed 7296K, reserved 1048576K
}

