# JRE version: OpenJDK Runtime Environment (17.0.1+12) (build 17.0.1+12-39)
# Java VM: OpenJDK 64-Bit Server VM (17.0.1+12-39, mixed mode, sharing, tiered, compressed oops, compressed class ptrs, g1 gc, bsd-amd64)
GC Precious Log:
 CPUs: 8 total, 8 available
 Memory: 8192M
 Large Page Support: Disabled
 NUMA Support: Disabled
 Compressed Oops: Enabled (Zero based)
 Heap Region Size: 1M
 Heap Min Capacity: 512M
 Heap Initial Capacity: 512M
 Heap Max Capacity: 512M
 Pre-touch: Enabled
 Parallel Workers: 8
 Concurrent Workers: 2
 Concurrent Refinement Workers: 8
 Periodic GC: Disabled
Heap:
 garbage-first heap   total 524288K, used 521381K [0x00000007e0000000, 0x0000000800000000)
  region size 1024K, 0 young (0K), 0 survivors (0K)
 Metaspace       used 59623K, committed 60352K, reserved 1105920K
  class space    used 7164K, committed 7552K, reserved 1048576K
GC Heap History (20 events):
Event: 599,934 GC heap before
{Heap before GC invocations=67 (full 4):
 garbage-first heap   total 524288K, used 517292K [0x00000007e0000000, 0x0000000800000000)
  region size 1024K, 1 young (1024K), 0 survivors (0K)
 Metaspace       used 59623K, committed 60352K, reserved 1105920K
  class space    used 7164K, committed 7552K, reserved 1048576K
}
Event: 599,935 GC heap after
{Heap after GC invocations=68 (full 4):
 garbage-first heap   total 524288K, used 518310K [0x00000007e0000000, 0x0000000800000000)
  region size 1024K, 1 young (1024K), 1 survivors (1024K)
 Metaspace       used 59623K, committed 60352K, reserved 1105920K
  class space    used 7164K, committed 7552K, reserved 1048576K
}
Event: 599,937 GC heap before
{Heap before GC invocations=68 (full 4):
 garbage-first heap   total 524288K, used 519334K [0x00000007e0000000, 0x0000000800000000)
  region size 1024K, 2 young (2048K), 1 survivors (1024K)
 Metaspace       used 59623K, committed 60352K, reserved 1105920K
  class space    used 7164K, committed 7552K, reserved 1048576K
}
Event: 599,938 GC heap after
{Heap after GC invocations=69 (full 4):
 garbage-first heap   total 524288K, used 519334K [0x00000007e0000000, 0x0000000800000000)
  region size 1024K, 0 young (0K), 0 survivors (0K)
 Metaspace       used 59623K, committed 60352K, reserved 1105920K
  class space    used 7164K, committed 7552K, reserved 1048576K
}
Event: 599,938 GC heap before
{Heap before GC invocations=69 (full 4):
 garbage-first heap   total 524288K, used 519334K [0x00000007e0000000, 0x0000000800000000)
  region size 1024K, 0 young (0K), 0 survivors (0K)
 Metaspace       used 59623K, committed 60352K, reserved 1105920K
  class space    used 7164K, committed 7552K, reserved 1048576K
}
Event: 599,961 GC heap after
{Heap after GC invocations=70 (full 5):
 garbage-first heap   total 524288K, used 519334K [0x00000007e0000000, 0x0000000800000000)
  region size 1024K, 0 young (0K), 0 survivors (0K)
 Metaspace       used 59623K, committed 60352K, reserved 1105920K
  class space    used 7164K, committed 7552K, reserved 1048576K
}
Event: 599,964 GC heap before
{Heap before GC invocations=70 (full 5):
 garbage-first heap   total 524288K, used 519334K [0x00000007e0000000, 0x0000000800000000)
  region size 1024K, 1 young (1024K), 0 survivors (0K)
 Metaspace       used 59623K, committed 60352K, reserved 1105920K
  class space    used 7164K, committed 7552K, reserved 1048576K
}
Event: 599,965 GC heap after
{Heap after GC invocations=71 (full 5):
 garbage-first heap   total 524288K, used 520352K [0x00000007e0000000, 0x0000000800000000)
  region size 1024K, 1 young (1024K), 1 survivors (1024K)
 Metaspace       used 59623K, committed 60352K, reserved 1105920K
  class space    used 7164K, committed 7552K, reserved 1048576K
}
Event: 599,967 GC heap before
{Heap before GC invocations=71 (full 5):
 garbage-first heap   total 524288K, used 521376K [0x00000007e0000000, 0x0000000800000000)
  region size 1024K, 2 young (2048K), 1 survivors (1024K)
 Metaspace       used 59623K, committed 60352K, reserved 1105920K
  class space    used 7164K, committed 7552K, reserved 1048576K
}
Event: 599,968 GC heap after
{Heap after GC invocations=72 (full 5):
 garbage-first heap   total 524288K, used 521376K [0x00000007e0000000, 0x0000000800000000)
  region size 1024K, 0 young (0K), 0 survivors (0K)
 Metaspace       used 59623K, committed 60352K, reserved 1105920K
  class space    used 7164K, committed 7552K, reserved 1048576K
}
Event: 599,968 GC heap before
{Heap before GC invocations=72 (full 5):
 garbage-first heap   total 524288K, used 521376K [0x00000007e0000000, 0x0000000800000000)
  region size 1024K, 0 young (0K), 0 survivors (0K)
 Metaspace       used 59623K, committed 60352K, reserved 1105920K
  class space    used 7164K, committed 7552K, reserved 1048576K
}
Event: 599,989 GC heap after
{Heap after GC invocations=73 (full 6):
 garbage-first heap   total 524288K, used 521376K [0x00000007e0000000, 0x0000000800000000)
  region size 1024K, 0 young (0K), 0 survivors (0K)
 Metaspace       used 59623K, committed 60352K, reserved 1105920K
  class space    used 7164K, committed 7552K, reserved 1048576K
}
Event: 599,989 GC heap before
{Heap before GC invocations=73 (full 6):
 garbage-first heap   total 524288K, used 521376K [0x00000007e0000000, 0x0000000800000000)
  region size 1024K, 0 young (0K), 0 survivors (0K)
 Metaspace       used 59623K, committed 60352K, reserved 1105920K
  class space    used 7164K, committed 7552K, reserved 1048576K
}
Event: 600,023 GC heap after
{Heap after GC invocations=74 (full 7):
 garbage-first heap   total 524288K, used 520363K [0x00000007e0000000, 0x0000000800000000)
  region size 1024K, 0 young (0K), 0 survivors (0K)
 Metaspace       used 59623K, committed 60352K, reserved 1105920K
  class space    used 7164K, committed 7552K, reserved 1048576K
}
Event: 600,025 GC heap before
{Heap before GC invocations=74 (full 7):
 garbage-first heap   total 524288K, used 521387K [0x00000007e0000000, 0x0000000800000000)
  region size 1024K, 1 young (1024K), 0 survivors (0K)
 Metaspace       used 59623K, committed 60352K, reserved 1105920K
  class space    used 7164K, committed 7552K, reserved 1048576K
}
Event: 600,026 GC heap after
{Heap after GC invocations=75 (full 7):
 garbage-first heap   total 524288K, used 521387K [0x00000007e0000000, 0x0000000800000000)
  region size 1024K, 0 young (0K), 0 survivors (0K)
 Metaspace       used 59623K, committed 60352K, reserved 1105920K
  class space    used 7164K, committed 7552K, reserved 1048576K
}
Event: 600,026 GC heap before
{Heap before GC invocations=75 (full 7):
 garbage-first heap   total 524288K, used 521387K [0x00000007e0000000, 0x0000000800000000)
  region size 1024K, 0 young (0K), 0 survivors (0K)
 Metaspace       used 59623K, committed 60352K, reserved 1105920K
  class space    used 7164K, committed 7552K, reserved 1048576K
}
Event: 600,047 GC heap after
{Heap after GC invocations=76 (full 8):
 garbage-first heap   total 524288K, used 521387K [0x00000007e0000000, 0x0000000800000000)
  region size 1024K, 0 young (0K), 0 survivors (0K)
 Metaspace       used 59623K, committed 60352K, reserved 1105920K
  class space    used 7164K, committed 7552K, reserved 1048576K
}
Event: 600,048 GC heap before
{Heap before GC invocations=76 (full 8):
 garbage-first heap   total 524288K, used 521387K [0x00000007e0000000, 0x0000000800000000)
  region size 1024K, 0 young (0K), 0 survivors (0K)
 Metaspace       used 59623K, committed 60352K, reserved 1105920K
  class space    used 7164K, committed 7552K, reserved 1048576K
}
Event: 600,081 GC heap after
{Heap after GC invocations=77 (full 9):
 garbage-first heap   total 524288K, used 521381K [0x00000007e0000000, 0x0000000800000000)
  region size 1024K, 0 young (0K), 0 survivors (0K)
 Metaspace       used 59623K, committed 60352K, reserved 1105920K
  class space    used 7164K, committed 7552K, reserved 1048576K
}

