# JRE version: OpenJDK Runtime Environment (17.0.1+12) (build 17.0.1+12-39)
# Java VM: OpenJDK 64-Bit Server VM (17.0.1+12-39, mixed mode, sharing, tiered, compressed oops, compressed class ptrs, g1 gc, bsd-amd64)
GC Precious Log:
 CPUs: 8 total, 8 available
 Memory: 8192M
 Large Page Support: Disabled
 NUMA Support: Disabled
 Compressed Oops: Enabled (Zero based)
 Heap Region Size: 1M
 Heap Min Capacity: 512M
 Heap Initial Capacity: 512M
 Heap Max Capacity: 512M
 Pre-touch: Enabled
 Parallel Workers: 8
 Concurrent Workers: 2
 Concurrent Refinement Workers: 8
 Periodic GC: Disabled
Heap:
 garbage-first heap   total 524288K, used 443731K [0x00000007e0000000, 0x0000000800000000)
  region size 1024K, 1 young (1024K), 0 survivors (0K)
 Metaspace       used 57987K, committed 58752K, reserved 1105920K
  class space    used 7053K, committed 7360K, reserved 1048576K
GC Heap History (20 events):
Event: 55,788 GC heap before
{Heap before GC invocations=21 (full 0):
 garbage-first heap   total 524288K, used 337046K [0x00000007e0000000, 0x0000000800000000)
  region size 1024K, 6 young (6144K), 3 survivors (3072K)
 Metaspace       used 58140K, committed 58752K, reserved 1105920K
  class space    used 7092K, committed 7360K, reserved 1048576K
}
Event: 55,790 GC heap after
{Heap after GC invocations=22 (full 0):
 garbage-first heap   total 524288K, used 312426K [0x00000007e0000000, 0x0000000800000000)
  region size 1024K, 3 young (3072K), 3 survivors (3072K)
 Metaspace       used 58140K, committed 58752K, reserved 1105920K
  class space    used 7092K, committed 7360K, reserved 1048576K
}
Event: 55,853 GC heap before
{Heap before GC invocations=23 (full 0):
 garbage-first heap   total 524288K, used 366698K [0x00000007e0000000, 0x0000000800000000)
  region size 1024K, 5 young (5120K), 3 survivors (3072K)
 Metaspace       used 58141K, committed 58752K, reserved 1105920K
  class space    used 7092K, committed 7360K, reserved 1048576K
}
Event: 55,855 GC heap after
{Heap after GC invocations=24 (full 0):
 garbage-first heap   total 524288K, used 337042K [0x00000007e0000000, 0x0000000800000000)
  region size 1024K, 3 young (3072K), 3 survivors (3072K)
 Metaspace       used 58141K, committed 58752K, reserved 1105920K
  class space    used 7092K, committed 7360K, reserved 1048576K
}
Event: 55,885 GC heap before
{Heap before GC invocations=24 (full 0):
 garbage-first heap   total 524288K, used 447634K [0x00000007e0000000, 0x0000000800000000)
  region size 1024K, 5 young (5120K), 3 survivors (3072K)
 Metaspace       used 58142K, committed 58752K, reserved 1105920K
  class space    used 7092K, committed 7360K, reserved 1048576K
}
Event: 55,888 GC heap after
{Heap after GC invocations=25 (full 0):
 garbage-first heap   total 524288K, used 415851K [0x00000007e0000000, 0x0000000800000000)
  region size 1024K, 3 young (3072K), 3 survivors (3072K)
 Metaspace       used 58142K, committed 58752K, reserved 1105920K
  class space    used 7092K, committed 7360K, reserved 1048576K
}
Event: 55,915 GC heap before
{Heap before GC invocations=25 (full 0):
 garbage-first heap   total 524288K, used 454763K [0x00000007e0000000, 0x0000000800000000)
  region size 1024K, 4 young (4096K), 3 survivors (3072K)
 Metaspace       used 58142K, committed 58752K, reserved 1105920K
  class space    used 7092K, committed 7360K, reserved 1048576K
}
Event: 55,916 GC heap after
{Heap after GC invocations=26 (full 0):
 garbage-first heap   total 524288K, used 389246K [0x00000007e0000000, 0x0000000800000000)
  region size 1024K, 3 young (3072K), 3 survivors (3072K)
 Metaspace       used 58142K, committed 58752K, reserved 1105920K
  class space    used 7092K, committed 7360K, reserved 1048576K
}
Event: 55,932 GC heap before
{Heap before GC invocations=27 (full 0):
 garbage-first heap   total 524288K, used 403582K [0x00000007e0000000, 0x0000000800000000)
  region size 1024K, 4 young (4096K), 3 survivors (3072K)
 Metaspace       used 58142K, committed 58752K, reserved 1105920K
  class space    used 7092K, committed 7360K, reserved 1048576K
}
Event: 55,933 GC heap after
{Heap after GC invocations=28 (full 0):
 garbage-first heap   total 524288K, used 403751K [0x00000007e0000000, 0x0000000800000000)
  region size 1024K, 3 young (3072K), 3 survivors (3072K)
 Metaspace       used 58142K, committed 58752K, reserved 1105920K
  class space    used 7092K, committed 7360K, reserved 1048576K
}
Event: 55,980 GC heap before
{Heap before GC invocations=28 (full 0):
 garbage-first heap   total 524288K, used 444711K [0x00000007e0000000, 0x0000000800000000)
  region size 1024K, 5 young (5120K), 3 survivors (3072K)
 Metaspace       used 58212K, committed 58752K, reserved 1105920K
  class space    used 7107K, committed 7360K, reserved 1048576K
}
Event: 55,982 GC heap after
{Heap after GC invocations=29 (full 0):
 garbage-first heap   total 524288K, used 415001K [0x00000007e0000000, 0x0000000800000000)
  region size 1024K, 1 young (1024K), 1 survivors (1024K)
 Metaspace       used 58212K, committed 58752K, reserved 1105920K
  class space    used 7107K, committed 7360K, reserved 1048576K
}
Event: 55,987 GC heap before
{Heap before GC invocations=30 (full 0):
 garbage-first heap   total 524288K, used 448793K [0x00000007e0000000, 0x0000000800000000)
  region size 1024K, 2 young (2048K), 1 survivors (1024K)
 Metaspace       used 58212K, committed 58752K, reserved 1105920K
  class space    used 7107K, committed 7360K, reserved 1048576K
}
Event: 55,988 GC heap after
{Heap after GC invocations=31 (full 0):
 garbage-first heap   total 524288K, used 431221K [0x00000007e0000000, 0x0000000800000000)
  region size 1024K, 1 young (1024K), 1 survivors (1024K)
 Metaspace       used 58212K, committed 58752K, reserved 1105920K
  class space    used 7107K, committed 7360K, reserved 1048576K
}
Event: 55,992 GC heap before
{Heap before GC invocations=31 (full 0):
 garbage-first heap   total 524288K, used 455797K [0x00000007e0000000, 0x0000000800000000)
  region size 1024K, 2 young (2048K), 1 survivors (1024K)
 Metaspace       used 58212K, committed 58752K, reserved 1105920K
  class space    used 7107K, committed 7360K, reserved 1048576K
}
Event: 55,993 GC heap after
{Heap after GC invocations=32 (full 0):
 garbage-first heap   total 524288K, used 447590K [0x00000007e0000000, 0x0000000800000000)
  region size 1024K, 1 young (1024K), 1 survivors (1024K)
 Metaspace       used 58212K, committed 58752K, reserved 1105920K
  class space    used 7107K, committed 7360K, reserved 1048576K
}
Event: 55,993 GC heap before
{Heap before GC invocations=32 (full 0):
 garbage-first heap   total 524288K, used 447590K [0x00000007e0000000, 0x0000000800000000)
  region size 1024K, 1 young (1024K), 1 survivors (1024K)
 Metaspace       used 58212K, committed 58752K, reserved 1105920K
  class space    used 7107K, committed 7360K, reserved 1048576K
}
Event: 56,035 GC heap after
{Heap after GC invocations=33 (full 1):
 garbage-first heap   total 524288K, used 445784K [0x00000007e0000000, 0x0000000800000000)
  region size 1024K, 0 young (0K), 0 survivors (0K)
 Metaspace       used 58193K, committed 58752K, reserved 1105920K
  class space    used 7101K, committed 7360K, reserved 1048576K
}
Event: 56,035 GC heap before
{Heap before GC invocations=33 (full 1):
 garbage-first heap   total 524288K, used 445784K [0x00000007e0000000, 0x0000000800000000)
  region size 1024K, 0 young (0K), 0 survivors (0K)
 Metaspace       used 58193K, committed 58752K, reserved 1105920K
  class space    used 7101K, committed 7360K, reserved 1048576K
}
Event: 56,076 GC heap after
{Heap after GC invocations=34 (full 2):
 garbage-first heap   total 524288K, used 443731K [0x00000007e0000000, 0x0000000800000000)
  region size 1024K, 0 young (0K), 0 survivors (0K)
 Metaspace       used 57987K, committed 58752K, reserved 1105920K
  class space    used 7053K, committed 7360K, reserved 1048576K
}

